[0.456s] Invoking command in '/home/celia123/Documentos/Github/chatbot_ros/ws_chatbot/src/chatbot': PYTHONPATH=/home/celia123/Documentos/Github/chatbot_ros/build/chatbot/prefix_override:/usr/lib/python3/dist-packages/colcon_core/task/python/colcon_distutils_commands:/home/celia123/Documentos/Github/chatbot_ros/install/chatbot/lib/python3.10/site-packages:${PYTHONPATH} /usr/bin/python3 -W ignore:setup.py install is deprecated setup.py egg_info --egg-base ../../../build/chatbot build --build-base /home/celia123/Documentos/Github/chatbot_ros/build/chatbot/build install --record /home/celia123/Documentos/Github/chatbot_ros/build/chatbot/install.log --single-version-externally-managed install_data
[0.608s] running egg_info
[0.609s] writing ../../../build/chatbot/chatbot.egg-info/PKG-INFO
[0.609s] writing dependency_links to ../../../build/chatbot/chatbot.egg-info/dependency_links.txt
[0.621s] writing entry points to ../../../build/chatbot/chatbot.egg-info/entry_points.txt
[0.622s] writing requirements to ../../../build/chatbot/chatbot.egg-info/requires.txt
[0.623s] writing top-level names to ../../../build/chatbot/chatbot.egg-info/top_level.txt
[0.625s] reading manifest file '../../../build/chatbot/chatbot.egg-info/SOURCES.txt'
[0.626s] writing manifest file '../../../build/chatbot/chatbot.egg-info/SOURCES.txt'
[0.626s] running build
[0.626s] running build_py
[0.626s] copying chatbot/chatbot.py -> /home/celia123/Documentos/Github/chatbot_ros/build/chatbot/build/lib/chatbot
[0.626s] running install
[0.627s] running install_lib
[0.627s] copying /home/celia123/Documentos/Github/chatbot_ros/build/chatbot/build/lib/chatbot/chatbot.py -> /home/celia123/Documentos/Github/chatbot_ros/install/chatbot/lib/python3.10/site-packages/chatbot
[0.628s] byte-compiling /home/celia123/Documentos/Github/chatbot_ros/install/chatbot/lib/python3.10/site-packages/chatbot/chatbot.py to chatbot.cpython-310.pyc
[0.638s] running install_data
[0.639s] running install_egg_info
[0.640s] removing '/home/celia123/Documentos/Github/chatbot_ros/install/chatbot/lib/python3.10/site-packages/chatbot-0.0.0-py3.10.egg-info' (and everything under it)
[0.640s] Copying ../../../build/chatbot/chatbot.egg-info to /home/celia123/Documentos/Github/chatbot_ros/install/chatbot/lib/python3.10/site-packages/chatbot-0.0.0-py3.10.egg-info
[0.641s] running install_scripts
[0.658s] Installing chatbot script to /home/celia123/Documentos/Github/chatbot_ros/install/chatbot/lib/chatbot
[0.664s] writing list of installed files to '/home/celia123/Documentos/Github/chatbot_ros/build/chatbot/install.log'
[0.700s] Invoked command in '/home/celia123/Documentos/Github/chatbot_ros/ws_chatbot/src/chatbot' returned '0': PYTHONPATH=/home/celia123/Documentos/Github/chatbot_ros/build/chatbot/prefix_override:/usr/lib/python3/dist-packages/colcon_core/task/python/colcon_distutils_commands:/home/celia123/Documentos/Github/chatbot_ros/install/chatbot/lib/python3.10/site-packages:${PYTHONPATH} /usr/bin/python3 -W ignore:setup.py install is deprecated setup.py egg_info --egg-base ../../../build/chatbot build --build-base /home/celia123/Documentos/Github/chatbot_ros/build/chatbot/build install --record /home/celia123/Documentos/Github/chatbot_ros/build/chatbot/install.log --single-version-externally-managed install_data
