[0.484s] Invoking command in '/home/celia123/Documentos/Github/chatbot_ros/ws_chatbot/src/chatbot': PYTHONPATH=/home/celia123/Documentos/Github/chatbot_ros/ws_chatbot/build/chatbot/prefix_override:/usr/lib/python3/dist-packages/colcon_core/task/python/colcon_distutils_commands:/home/celia123/Documentos/Github/chatbot_ros/ws_chatbot/install/chatbot/lib/python3.10/site-packages:${PYTHONPATH} /usr/bin/python3 -W ignore:setup.py install is deprecated setup.py egg_info --egg-base ../../build/chatbot build --build-base /home/celia123/Documentos/Github/chatbot_ros/ws_chatbot/build/chatbot/build install --record /home/celia123/Documentos/Github/chatbot_ros/ws_chatbot/build/chatbot/install.log --single-version-externally-managed install_data
[0.645s] running egg_info
[0.645s] writing ../../build/chatbot/chatbot.egg-info/PKG-INFO
[0.645s] writing dependency_links to ../../build/chatbot/chatbot.egg-info/dependency_links.txt
[0.657s] writing entry points to ../../build/chatbot/chatbot.egg-info/entry_points.txt
[0.657s] writing requirements to ../../build/chatbot/chatbot.egg-info/requires.txt
[0.658s] writing top-level names to ../../build/chatbot/chatbot.egg-info/top_level.txt
[0.661s] reading manifest file '../../build/chatbot/chatbot.egg-info/SOURCES.txt'
[0.662s] writing manifest file '../../build/chatbot/chatbot.egg-info/SOURCES.txt'
[0.662s] running build
[0.662s] running build_py
[0.662s] copying chatbot/chatbot.py -> /home/celia123/Documentos/Github/chatbot_ros/ws_chatbot/build/chatbot/build/lib/chatbot
[0.662s] running install
[0.662s] running install_lib
[0.663s] copying /home/celia123/Documentos/Github/chatbot_ros/ws_chatbot/build/chatbot/build/lib/chatbot/chatbot.py -> /home/celia123/Documentos/Github/chatbot_ros/ws_chatbot/install/chatbot/lib/python3.10/site-packages/chatbot
[0.663s] byte-compiling /home/celia123/Documentos/Github/chatbot_ros/ws_chatbot/install/chatbot/lib/python3.10/site-packages/chatbot/chatbot.py to chatbot.cpython-310.pyc
[0.674s] running install_data
[0.674s] running install_egg_info
[0.676s] removing '/home/celia123/Documentos/Github/chatbot_ros/ws_chatbot/install/chatbot/lib/python3.10/site-packages/chatbot-0.0.0-py3.10.egg-info' (and everything under it)
[0.677s] Copying ../../build/chatbot/chatbot.egg-info to /home/celia123/Documentos/Github/chatbot_ros/ws_chatbot/install/chatbot/lib/python3.10/site-packages/chatbot-0.0.0-py3.10.egg-info
[0.677s] running install_scripts
[0.693s] Installing chatbot script to /home/celia123/Documentos/Github/chatbot_ros/ws_chatbot/install/chatbot/lib/chatbot
[0.693s] writing list of installed files to '/home/celia123/Documentos/Github/chatbot_ros/ws_chatbot/build/chatbot/install.log'
[0.724s] Invoked command in '/home/celia123/Documentos/Github/chatbot_ros/ws_chatbot/src/chatbot' returned '0': PYTHONPATH=/home/celia123/Documentos/Github/chatbot_ros/ws_chatbot/build/chatbot/prefix_override:/usr/lib/python3/dist-packages/colcon_core/task/python/colcon_distutils_commands:/home/celia123/Documentos/Github/chatbot_ros/ws_chatbot/install/chatbot/lib/python3.10/site-packages:${PYTHONPATH} /usr/bin/python3 -W ignore:setup.py install is deprecated setup.py egg_info --egg-base ../../build/chatbot build --build-base /home/celia123/Documentos/Github/chatbot_ros/ws_chatbot/build/chatbot/build install --record /home/celia123/Documentos/Github/chatbot_ros/ws_chatbot/build/chatbot/install.log --single-version-externally-managed install_data
