[2.514s] Invoking command in '/home/celia123/Documentos/Github/chatbot_ros/ws_chatbot/src/chatbot': PYTHONPATH=/home/celia123/Documentos/Github/chatbot_ros/build/chatbot/prefix_override:/usr/lib/python3/dist-packages/colcon_core/task/python/colcon_distutils_commands:/home/celia123/Documentos/Github/chatbot_ros/install/chatbot/lib/python3.10/site-packages:${PYTHONPATH} /usr/bin/python3 -W ignore:setup.py install is deprecated setup.py egg_info --egg-base ../../../build/chatbot build --build-base /home/celia123/Documentos/Github/chatbot_ros/build/chatbot/build install --record /home/celia123/Documentos/Github/chatbot_ros/build/chatbot/install.log --single-version-externally-managed install_data
[2.674s] running egg_info
[2.674s] creating ../../../build/chatbot/chatbot.egg-info
[2.674s] writing ../../../build/chatbot/chatbot.egg-info/PKG-INFO
[2.674s] writing dependency_links to ../../../build/chatbot/chatbot.egg-info/dependency_links.txt
[2.674s] writing entry points to ../../../build/chatbot/chatbot.egg-info/entry_points.txt
[2.674s] writing requirements to ../../../build/chatbot/chatbot.egg-info/requires.txt
[2.674s] writing top-level names to ../../../build/chatbot/chatbot.egg-info/top_level.txt
[2.674s] writing manifest file '../../../build/chatbot/chatbot.egg-info/SOURCES.txt'
[2.676s] reading manifest file '../../../build/chatbot/chatbot.egg-info/SOURCES.txt'
[2.676s] writing manifest file '../../../build/chatbot/chatbot.egg-info/SOURCES.txt'
[2.676s] running build
[2.676s] running build_py
[2.677s] creating /home/celia123/Documentos/Github/chatbot_ros/build/chatbot/build
[2.677s] creating /home/celia123/Documentos/Github/chatbot_ros/build/chatbot/build/lib
[2.677s] creating /home/celia123/Documentos/Github/chatbot_ros/build/chatbot/build/lib/chatbot
[2.677s] copying chatbot/chatbot.py -> /home/celia123/Documentos/Github/chatbot_ros/build/chatbot/build/lib/chatbot
[2.677s] copying chatbot/__init__.py -> /home/celia123/Documentos/Github/chatbot_ros/build/chatbot/build/lib/chatbot
[2.677s] running install
[2.677s] running install_lib
[2.677s] creating /home/celia123/Documentos/Github/chatbot_ros/install/chatbot/lib/python3.10/site-packages/chatbot
[2.678s] copying /home/celia123/Documentos/Github/chatbot_ros/build/chatbot/build/lib/chatbot/chatbot.py -> /home/celia123/Documentos/Github/chatbot_ros/install/chatbot/lib/python3.10/site-packages/chatbot
[2.678s] copying /home/celia123/Documentos/Github/chatbot_ros/build/chatbot/build/lib/chatbot/__init__.py -> /home/celia123/Documentos/Github/chatbot_ros/install/chatbot/lib/python3.10/site-packages/chatbot
[2.678s] byte-compiling /home/celia123/Documentos/Github/chatbot_ros/install/chatbot/lib/python3.10/site-packages/chatbot/chatbot.py to chatbot.cpython-310.pyc
[2.678s] byte-compiling /home/celia123/Documentos/Github/chatbot_ros/install/chatbot/lib/python3.10/site-packages/chatbot/__init__.py to __init__.cpython-310.pyc
[2.678s] running install_data
[2.678s] creating /home/celia123/Documentos/Github/chatbot_ros/install/chatbot/share/ament_index
[2.679s] creating /home/celia123/Documentos/Github/chatbot_ros/install/chatbot/share/ament_index/resource_index
[2.679s] creating /home/celia123/Documentos/Github/chatbot_ros/install/chatbot/share/ament_index/resource_index/packages
[2.679s] copying resource/chatbot -> /home/celia123/Documentos/Github/chatbot_ros/install/chatbot/share/ament_index/resource_index/packages
[2.679s] copying package.xml -> /home/celia123/Documentos/Github/chatbot_ros/install/chatbot/share/chatbot
[2.679s] running install_egg_info
[2.680s] Copying ../../../build/chatbot/chatbot.egg-info to /home/celia123/Documentos/Github/chatbot_ros/install/chatbot/lib/python3.10/site-packages/chatbot-0.0.0-py3.10.egg-info
[2.680s] running install_scripts
[2.695s] writing list of installed files to '/home/celia123/Documentos/Github/chatbot_ros/build/chatbot/install.log'
[2.712s] Invoked command in '/home/celia123/Documentos/Github/chatbot_ros/ws_chatbot/src/chatbot' returned '0': PYTHONPATH=/home/celia123/Documentos/Github/chatbot_ros/build/chatbot/prefix_override:/usr/lib/python3/dist-packages/colcon_core/task/python/colcon_distutils_commands:/home/celia123/Documentos/Github/chatbot_ros/install/chatbot/lib/python3.10/site-packages:${PYTHONPATH} /usr/bin/python3 -W ignore:setup.py install is deprecated setup.py egg_info --egg-base ../../../build/chatbot build --build-base /home/celia123/Documentos/Github/chatbot_ros/build/chatbot/build install --record /home/celia123/Documentos/Github/chatbot_ros/build/chatbot/install.log --single-version-externally-managed install_data
