[0.447s] Invoking command in '/home/celia123/Documentos/Github/chatbot_ros/ws_chatbot/src/chatbot': PYTHONPATH=/home/celia123/Documentos/Github/chatbot_ros/build/chatbot/prefix_override:/usr/lib/python3/dist-packages/colcon_core/task/python/colcon_distutils_commands:/home/celia123/Documentos/Github/chatbot_ros/install/chatbot/lib/python3.10/site-packages:${PYTHONPATH} /usr/bin/python3 -W ignore:setup.py install is deprecated setup.py egg_info --egg-base ../../../build/chatbot build --build-base /home/celia123/Documentos/Github/chatbot_ros/build/chatbot/build install --record /home/celia123/Documentos/Github/chatbot_ros/build/chatbot/install.log --single-version-externally-managed install_data
[0.591s] running egg_info
[0.592s] writing ../../../build/chatbot/chatbot.egg-info/PKG-INFO
[0.592s] writing dependency_links to ../../../build/chatbot/chatbot.egg-info/dependency_links.txt
[0.604s] writing entry points to ../../../build/chatbot/chatbot.egg-info/entry_points.txt
[0.605s] writing requirements to ../../../build/chatbot/chatbot.egg-info/requires.txt
[0.606s] writing top-level names to ../../../build/chatbot/chatbot.egg-info/top_level.txt
[0.612s] reading manifest file '../../../build/chatbot/chatbot.egg-info/SOURCES.txt'
[0.613s] writing manifest file '../../../build/chatbot/chatbot.egg-info/SOURCES.txt'
[0.613s] running build
[0.613s] running build_py
[0.613s] copying chatbot/chatbot.py -> /home/celia123/Documentos/Github/chatbot_ros/build/chatbot/build/lib/chatbot
[0.613s] running install
[0.613s] running install_lib
[0.614s] copying /home/celia123/Documentos/Github/chatbot_ros/build/chatbot/build/lib/chatbot/chatbot.py -> /home/celia123/Documentos/Github/chatbot_ros/install/chatbot/lib/python3.10/site-packages/chatbot
[0.614s] byte-compiling /home/celia123/Documentos/Github/chatbot_ros/install/chatbot/lib/python3.10/site-packages/chatbot/chatbot.py to chatbot.cpython-310.pyc
[0.625s] running install_data
[0.625s] running install_egg_info
[0.627s] removing '/home/celia123/Documentos/Github/chatbot_ros/install/chatbot/lib/python3.10/site-packages/chatbot-0.0.0-py3.10.egg-info' (and everything under it)
[0.627s] Copying ../../../build/chatbot/chatbot.egg-info to /home/celia123/Documentos/Github/chatbot_ros/install/chatbot/lib/python3.10/site-packages/chatbot-0.0.0-py3.10.egg-info
[0.628s] running install_scripts
[0.645s] Installing chatbot script to /home/celia123/Documentos/Github/chatbot_ros/install/chatbot/lib/chatbot
[0.645s] writing list of installed files to '/home/celia123/Documentos/Github/chatbot_ros/build/chatbot/install.log'
[0.674s] Invoked command in '/home/celia123/Documentos/Github/chatbot_ros/ws_chatbot/src/chatbot' returned '0': PYTHONPATH=/home/celia123/Documentos/Github/chatbot_ros/build/chatbot/prefix_override:/usr/lib/python3/dist-packages/colcon_core/task/python/colcon_distutils_commands:/home/celia123/Documentos/Github/chatbot_ros/install/chatbot/lib/python3.10/site-packages:${PYTHONPATH} /usr/bin/python3 -W ignore:setup.py install is deprecated setup.py egg_info --egg-base ../../../build/chatbot build --build-base /home/celia123/Documentos/Github/chatbot_ros/build/chatbot/build install --record /home/celia123/Documentos/Github/chatbot_ros/build/chatbot/install.log --single-version-externally-managed install_data
