[0.703s] Invoking command in '/home/celia123/Documentos/Github/chatbot_ros/ws_chatbot/src/chatbot': PYTHONPATH=/home/celia123/Documentos/Github/chatbot_ros/ws_chatbot/build/chatbot/prefix_override:/usr/lib/python3/dist-packages/colcon_core/task/python/colcon_distutils_commands:/home/celia123/Documentos/Github/chatbot_ros/ws_chatbot/install/chatbot/lib/python3.10/site-packages:${PYTHONPATH} /usr/bin/python3 -W ignore:setup.py install is deprecated setup.py egg_info --egg-base ../../build/chatbot build --build-base /home/celia123/Documentos/Github/chatbot_ros/ws_chatbot/build/chatbot/build install --record /home/celia123/Documentos/Github/chatbot_ros/ws_chatbot/build/chatbot/install.log --single-version-externally-managed install_data
[0.953s] running egg_info
[0.953s] writing ../../build/chatbot/chatbot.egg-info/PKG-INFO
[0.954s] writing dependency_links to ../../build/chatbot/chatbot.egg-info/dependency_links.txt
[0.969s] writing entry points to ../../build/chatbot/chatbot.egg-info/entry_points.txt
[0.969s] writing requirements to ../../build/chatbot/chatbot.egg-info/requires.txt
[0.970s] writing top-level names to ../../build/chatbot/chatbot.egg-info/top_level.txt
[0.974s] reading manifest file '../../build/chatbot/chatbot.egg-info/SOURCES.txt'
[0.975s] writing manifest file '../../build/chatbot/chatbot.egg-info/SOURCES.txt'
[0.975s] running build
[0.975s] running build_py
[0.975s] running install
[0.976s] running install_lib
[0.977s] running install_data
[0.977s] running install_egg_info
[0.980s] removing '/home/celia123/Documentos/Github/chatbot_ros/ws_chatbot/install/chatbot/lib/python3.10/site-packages/chatbot-0.1.0-py3.10.egg-info' (and everything under it)
[0.980s] Copying ../../build/chatbot/chatbot.egg-info to /home/celia123/Documentos/Github/chatbot_ros/ws_chatbot/install/chatbot/lib/python3.10/site-packages/chatbot-0.1.0-py3.10.egg-info
[0.981s] running install_scripts
[1.002s] Installing chatbot script to /home/celia123/Documentos/Github/chatbot_ros/ws_chatbot/install/chatbot/lib/chatbot
[1.002s] writing list of installed files to '/home/celia123/Documentos/Github/chatbot_ros/ws_chatbot/build/chatbot/install.log'
[1.040s] Invoked command in '/home/celia123/Documentos/Github/chatbot_ros/ws_chatbot/src/chatbot' returned '0': PYTHONPATH=/home/celia123/Documentos/Github/chatbot_ros/ws_chatbot/build/chatbot/prefix_override:/usr/lib/python3/dist-packages/colcon_core/task/python/colcon_distutils_commands:/home/celia123/Documentos/Github/chatbot_ros/ws_chatbot/install/chatbot/lib/python3.10/site-packages:${PYTHONPATH} /usr/bin/python3 -W ignore:setup.py install is deprecated setup.py egg_info --egg-base ../../build/chatbot build --build-base /home/celia123/Documentos/Github/chatbot_ros/ws_chatbot/build/chatbot/build install --record /home/celia123/Documentos/Github/chatbot_ros/ws_chatbot/build/chatbot/install.log --single-version-externally-managed install_data
