[0.000000] (-) TimerEvent: {}
[0.000214] (chatbot) JobQueued: {'identifier': 'chatbot', 'dependencies': OrderedDict()}
[0.000454] (chatbot) JobStarted: {'identifier': 'chatbot'}
[0.100039] (-) TimerEvent: {}
[0.200538] (-) TimerEvent: {}
[0.300868] (-) TimerEvent: {}
[0.401101] (-) TimerEvent: {}
[0.501433] (-) TimerEvent: {}
[0.601826] (-) TimerEvent: {}
[0.702410] (-) TimerEvent: {}
[0.802838] (-) TimerEvent: {}
[0.903252] (-) TimerEvent: {}
[1.003744] (-) TimerEvent: {}
[1.104253] (-) TimerEvent: {}
[1.204692] (-) TimerEvent: {}
[1.305157] (-) TimerEvent: {}
[1.405758] (-) TimerEvent: {}
[1.506304] (-) TimerEvent: {}
[1.606771] (-) TimerEvent: {}
[1.707206] (-) TimerEvent: {}
[1.807759] (-) TimerEvent: {}
[1.908181] (-) TimerEvent: {}
[2.008587] (-) TimerEvent: {}
[2.109102] (-) TimerEvent: {}
[2.209646] (-) TimerEvent: {}
[2.310067] (-) TimerEvent: {}
[2.410600] (-) TimerEvent: {}
[2.511001] (-) TimerEvent: {}
[2.513829] (chatbot) Command: {'cmd': ['/usr/bin/python3', '-W', 'ignore:setup.py install is deprecated', 'setup.py', 'egg_info', '--egg-base', '../../../build/chatbot', 'build', '--build-base', '/home/celia123/Documentos/Github/chatbot_ros/build/chatbot/build', 'install', '--record', '/home/celia123/Documentos/Github/chatbot_ros/build/chatbot/install.log', '--single-version-externally-managed', 'install_data'], 'cwd': '/home/celia123/Documentos/Github/chatbot_ros/ws_chatbot/src/chatbot', 'env': {'LANGUAGE': 'pt_BR:pt:en', 'USER': 'celia123', 'XDG_SESSION_TYPE': 'wayland', 'SHLVL': '1', 'LD_LIBRARY_PATH': '/opt/ros/humble/opt/rviz_ogre_vendor/lib:/opt/ros/humble/lib/x86_64-linux-gnu:/opt/ros/humble/lib', 'HOME': '/home/celia123', 'OLDPWD': '/home/celia123', 'DESKTOP_SESSION': 'ubuntu', 'ROS_PYTHON_VERSION': '3', 'GNOME_SHELL_SESSION_MODE': 'ubuntu', 'GTK_MODULES': 'gail:atk-bridge', 'SYSTEMD_EXEC_PID': '2206', 'DBUS_SESSION_BUS_ADDRESS': 'unix:path=/run/user/1000/bus', 'COLORTERM': 'truecolor', 'IM_CONFIG_PHASE': '1', 'WAYLAND_DISPLAY': 'wayland-0', 'ROS_DISTRO': 'humble', 'LOGNAME': 'celia123', '_': '/usr/bin/colcon', 'ROS_VERSION': '2', 'XDG_SESSION_CLASS': 'user', 'USERNAME': 'celia123', 'TERM': 'xterm-256color', 'GNOME_DESKTOP_SESSION_ID': 'this-is-deprecated', 'ROS_LOCALHOST_ONLY': '0', 'PATH': '/opt/ros/humble/bin:/usr/local/sbin:/usr/local/bin:/usr/sbin:/usr/bin:/sbin:/bin:/usr/games:/usr/local/games:/snap/bin:/snap/bin', 'SESSION_MANAGER': 'local/celia123-Inspiron-15-3511:@/tmp/.ICE-unix/2178,unix/celia123-Inspiron-15-3511:/tmp/.ICE-unix/2178', 'XDG_MENU_PREFIX': 'gnome-', 'GNOME_TERMINAL_SCREEN': '/org/gnome/Terminal/screen/56448888_feda_40e5_b4cf_19118fdbb6f2', 'GNOME_SETUP_DISPLAY': ':1', 'XDG_RUNTIME_DIR': '/run/user/1000', 'DISPLAY': ':0', 'LANG': 'pt_BR.UTF-8', 'XDG_CURRENT_DESKTOP': 'ubuntu:GNOME', 'XMODIFIERS': '@im=ibus', 'XDG_SESSION_DESKTOP': 'ubuntu', 'XAUTHORITY': '/run/user/1000/.mutter-Xwaylandauth.DG2HY2', 'GNOME_TERMINAL_SERVICE': ':1.118', 'SSH_AGENT_LAUNCHER': 'gnome-keyring', 'SSH_AUTH_SOCK': '/run/user/1000/keyring/ssh', 'AMENT_PREFIX_PATH': '/opt/ros/humble', 'SHELL': '/bin/bash', 'QT_ACCESSIBILITY': '1', 'GDMSESSION': 'ubuntu', 'QT_IM_MODULE': 'ibus', 'PWD': '/home/celia123/Documentos/Github/chatbot_ros/build/chatbot', 'XDG_CONFIG_DIRS': '/etc/xdg/xdg-ubuntu:/etc/xdg', 'XDG_DATA_DIRS': '/usr/share/ubuntu:/usr/local/share/:/usr/share/:/var/lib/snapd/desktop', 'PYTHONPATH': '/home/celia123/Documentos/Github/chatbot_ros/build/chatbot/prefix_override:/usr/lib/python3/dist-packages/colcon_core/task/python/colcon_distutils_commands:/home/celia123/Documentos/Github/chatbot_ros/install/chatbot/lib/python3.10/site-packages:/opt/ros/humble/lib/python3.10/site-packages:/opt/ros/humble/local/lib/python3.10/dist-packages', 'COLCON': '1', 'VTE_VERSION': '6800'}, 'shell': False}
[2.611185] (-) TimerEvent: {}
[2.673966] (chatbot) StdoutLine: {'line': b'running egg_info\n'}
[2.674305] (chatbot) StdoutLine: {'line': b'creating ../../../build/chatbot/chatbot.egg-info\n'}
[2.674409] (chatbot) StdoutLine: {'line': b'writing ../../../build/chatbot/chatbot.egg-info/PKG-INFO\n'}
[2.674523] (chatbot) StdoutLine: {'line': b'writing dependency_links to ../../../build/chatbot/chatbot.egg-info/dependency_links.txt\n'}
[2.674636] (chatbot) StdoutLine: {'line': b'writing entry points to ../../../build/chatbot/chatbot.egg-info/entry_points.txt\n'}
[2.674765] (chatbot) StdoutLine: {'line': b'writing requirements to ../../../build/chatbot/chatbot.egg-info/requires.txt\n'}
[2.674833] (chatbot) StdoutLine: {'line': b'writing top-level names to ../../../build/chatbot/chatbot.egg-info/top_level.txt\n'}
[2.674894] (chatbot) StdoutLine: {'line': b"writing manifest file '../../../build/chatbot/chatbot.egg-info/SOURCES.txt'\n"}
[2.676085] (chatbot) StdoutLine: {'line': b"reading manifest file '../../../build/chatbot/chatbot.egg-info/SOURCES.txt'\n"}
[2.676583] (chatbot) StdoutLine: {'line': b"writing manifest file '../../../build/chatbot/chatbot.egg-info/SOURCES.txt'\n"}
[2.676811] (chatbot) StdoutLine: {'line': b'running build\n'}
[2.676914] (chatbot) StdoutLine: {'line': b'running build_py\n'}
[2.676964] (chatbot) StdoutLine: {'line': b'creating /home/celia123/Documentos/Github/chatbot_ros/build/chatbot/build\n'}
[2.677009] (chatbot) StdoutLine: {'line': b'creating /home/celia123/Documentos/Github/chatbot_ros/build/chatbot/build/lib\n'}
[2.677050] (chatbot) StdoutLine: {'line': b'creating /home/celia123/Documentos/Github/chatbot_ros/build/chatbot/build/lib/chatbot\n'}
[2.677092] (chatbot) StdoutLine: {'line': b'copying chatbot/chatbot.py -> /home/celia123/Documentos/Github/chatbot_ros/build/chatbot/build/lib/chatbot\n'}
[2.677161] (chatbot) StdoutLine: {'line': b'copying chatbot/__init__.py -> /home/celia123/Documentos/Github/chatbot_ros/build/chatbot/build/lib/chatbot\n'}
[2.677209] (chatbot) StdoutLine: {'line': b'running install\n'}
[2.677266] (chatbot) StdoutLine: {'line': b'running install_lib\n'}
[2.677849] (chatbot) StdoutLine: {'line': b'creating /home/celia123/Documentos/Github/chatbot_ros/install/chatbot/lib/python3.10/site-packages/chatbot\n'}
[2.677937] (chatbot) StdoutLine: {'line': b'copying /home/celia123/Documentos/Github/chatbot_ros/build/chatbot/build/lib/chatbot/chatbot.py -> /home/celia123/Documentos/Github/chatbot_ros/install/chatbot/lib/python3.10/site-packages/chatbot\n'}
[2.677988] (chatbot) StdoutLine: {'line': b'copying /home/celia123/Documentos/Github/chatbot_ros/build/chatbot/build/lib/chatbot/__init__.py -> /home/celia123/Documentos/Github/chatbot_ros/install/chatbot/lib/python3.10/site-packages/chatbot\n'}
[2.678230] (chatbot) StdoutLine: {'line': b'byte-compiling /home/celia123/Documentos/Github/chatbot_ros/install/chatbot/lib/python3.10/site-packages/chatbot/chatbot.py to chatbot.cpython-310.pyc\n'}
[2.678716] (chatbot) StdoutLine: {'line': b'byte-compiling /home/celia123/Documentos/Github/chatbot_ros/install/chatbot/lib/python3.10/site-packages/chatbot/__init__.py to __init__.cpython-310.pyc\n'}
[2.678801] (chatbot) StdoutLine: {'line': b'running install_data\n'}
[2.678846] (chatbot) StdoutLine: {'line': b'creating /home/celia123/Documentos/Github/chatbot_ros/install/chatbot/share/ament_index\n'}
[2.679003] (chatbot) StdoutLine: {'line': b'creating /home/celia123/Documentos/Github/chatbot_ros/install/chatbot/share/ament_index/resource_index\n'}
[2.679076] (chatbot) StdoutLine: {'line': b'creating /home/celia123/Documentos/Github/chatbot_ros/install/chatbot/share/ament_index/resource_index/packages\n'}
[2.679117] (chatbot) StdoutLine: {'line': b'copying resource/chatbot -> /home/celia123/Documentos/Github/chatbot_ros/install/chatbot/share/ament_index/resource_index/packages\n'}
[2.679155] (chatbot) StdoutLine: {'line': b'copying package.xml -> /home/celia123/Documentos/Github/chatbot_ros/install/chatbot/share/chatbot\n'}
[2.679191] (chatbot) StdoutLine: {'line': b'running install_egg_info\n'}
[2.680353] (chatbot) StdoutLine: {'line': b'Copying ../../../build/chatbot/chatbot.egg-info to /home/celia123/Documentos/Github/chatbot_ros/install/chatbot/lib/python3.10/site-packages/chatbot-0.0.0-py3.10.egg-info\n'}
[2.680888] (chatbot) StdoutLine: {'line': b'running install_scripts\n'}
[2.695115] (chatbot) StdoutLine: {'line': b"writing list of installed files to '/home/celia123/Documentos/Github/chatbot_ros/build/chatbot/install.log'\n"}
[2.711458] (-) TimerEvent: {}
[2.712527] (chatbot) CommandEnded: {'returncode': 0}
[2.811696] (-) TimerEvent: {}
[2.912227] (chatbot) JobEnded: {'identifier': 'chatbot', 'rc': 0}
[2.913406] (-) TimerEvent: {}
[2.913572] (-) EventReactorShutdown: {}
