[3.651s] DEBUG:colcon:Command line arguments: ['/usr/bin/colcon', 'build']
[3.651s] DEBUG:colcon:Parsed command line arguments: Namespace(log_base=None, log_level=None, verb_name='build', build_base='build', install_base='install', merge_install=False, symlink_install=False, test_result_base=None, continue_on_error=False, executor='parallel', parallel_workers=8, event_handlers=None, ignore_user_meta=False, metas=['./colcon.meta'], base_paths=['.'], packages_ignore=None, packages_ignore_regex=None, paths=None, packages_up_to=None, packages_up_to_regex=None, packages_above=None, packages_above_and_dependencies=None, packages_above_depth=None, packages_select_by_dep=None, packages_skip_by_dep=None, packages_skip_up_to=None, packages_select_build_failed=False, packages_skip_build_finished=False, packages_select_test_failures=False, packages_skip_test_passed=False, packages_select=None, packages_skip=None, packages_select_regex=None, packages_skip_regex=None, packages_start=None, packages_end=None, allow_overriding=[], cmake_args=None, cmake_target=None, cmake_target_skip_unavailable=False, cmake_clean_cache=False, cmake_clean_first=False, cmake_force_configure=False, ament_cmake_args=None, catkin_cmake_args=None, catkin_skip_building_tests=False, verb_parser=<colcon_defaults.argument_parser.defaults.DefaultArgumentsDecorator object at 0x7aecfcb1fe50>, verb_extension=<colcon_core.verb.build.BuildVerb object at 0x7aecfcb1f8e0>, main=<bound method BuildVerb.main of <colcon_core.verb.build.BuildVerb object at 0x7aecfcb1f8e0>>)
[5.659s] Level 1:colcon.colcon_core.package_discovery:discover_packages(colcon_meta) check parameters
[5.659s] Level 1:colcon.colcon_core.package_discovery:discover_packages(recursive) check parameters
[5.659s] Level 1:colcon.colcon_core.package_discovery:discover_packages(ignore) check parameters
[5.660s] Level 1:colcon.colcon_core.package_discovery:discover_packages(path) check parameters
[5.660s] Level 1:colcon.colcon_core.package_discovery:discover_packages(colcon_meta) discover
[5.660s] Level 1:colcon.colcon_core.package_discovery:discover_packages(recursive) discover
[5.660s] INFO:colcon.colcon_core.package_discovery:Crawling recursively for packages in '/home/celia123/Documentos/Github/chatbot_ros'
[5.660s] Level 1:colcon.colcon_core.package_identification:_identify(.) by extensions ['ignore', 'ignore_ament_install']
[5.660s] Level 1:colcon.colcon_core.package_identification:_identify(.) by extension 'ignore'
[5.660s] Level 1:colcon.colcon_core.package_identification:_identify(.) by extension 'ignore_ament_install'
[5.660s] Level 1:colcon.colcon_core.package_identification:_identify(.) by extensions ['colcon_pkg']
[5.660s] Level 1:colcon.colcon_core.package_identification:_identify(.) by extension 'colcon_pkg'
[5.660s] Level 1:colcon.colcon_core.package_identification:_identify(.) by extensions ['colcon_meta']
[5.660s] Level 1:colcon.colcon_core.package_identification:_identify(.) by extension 'colcon_meta'
[5.660s] Level 1:colcon.colcon_core.package_identification:_identify(.) by extensions ['ros']
[5.660s] Level 1:colcon.colcon_core.package_identification:_identify(.) by extension 'ros'
[5.705s] Level 1:colcon.colcon_core.package_identification:_identify(.) by extensions ['cmake', 'python']
[5.705s] Level 1:colcon.colcon_core.package_identification:_identify(.) by extension 'cmake'
[5.705s] Level 1:colcon.colcon_core.package_identification:_identify(.) by extension 'python'
[5.706s] Level 1:colcon.colcon_core.package_identification:_identify(.) by extensions ['python_setup_py']
[5.706s] Level 1:colcon.colcon_core.package_identification:_identify(.) by extension 'python_setup_py'
[5.706s] Level 1:colcon.colcon_core.package_identification:_identify(build) by extensions ['ignore', 'ignore_ament_install']
[5.706s] Level 1:colcon.colcon_core.package_identification:_identify(build) by extension 'ignore'
[5.706s] Level 1:colcon.colcon_core.package_identification:_identify(build) ignored
[5.706s] Level 1:colcon.colcon_core.package_identification:_identify(install) by extensions ['ignore', 'ignore_ament_install']
[5.706s] Level 1:colcon.colcon_core.package_identification:_identify(install) by extension 'ignore'
[5.706s] Level 1:colcon.colcon_core.package_identification:_identify(install) ignored
[5.706s] Level 1:colcon.colcon_core.package_identification:_identify(log) by extensions ['ignore', 'ignore_ament_install']
[5.706s] Level 1:colcon.colcon_core.package_identification:_identify(log) by extension 'ignore'
[5.706s] Level 1:colcon.colcon_core.package_identification:_identify(log) ignored
[5.707s] Level 1:colcon.colcon_core.package_identification:_identify(ws_chatbot) by extensions ['ignore', 'ignore_ament_install']
[5.707s] Level 1:colcon.colcon_core.package_identification:_identify(ws_chatbot) by extension 'ignore'
[5.707s] Level 1:colcon.colcon_core.package_identification:_identify(ws_chatbot) by extension 'ignore_ament_install'
[5.707s] Level 1:colcon.colcon_core.package_identification:_identify(ws_chatbot) by extensions ['colcon_pkg']
[5.707s] Level 1:colcon.colcon_core.package_identification:_identify(ws_chatbot) by extension 'colcon_pkg'
[5.707s] Level 1:colcon.colcon_core.package_identification:_identify(ws_chatbot) by extensions ['colcon_meta']
[5.707s] Level 1:colcon.colcon_core.package_identification:_identify(ws_chatbot) by extension 'colcon_meta'
[5.707s] Level 1:colcon.colcon_core.package_identification:_identify(ws_chatbot) by extensions ['ros']
[5.707s] Level 1:colcon.colcon_core.package_identification:_identify(ws_chatbot) by extension 'ros'
[5.707s] Level 1:colcon.colcon_core.package_identification:_identify(ws_chatbot) by extensions ['cmake', 'python']
[5.707s] Level 1:colcon.colcon_core.package_identification:_identify(ws_chatbot) by extension 'cmake'
[5.707s] Level 1:colcon.colcon_core.package_identification:_identify(ws_chatbot) by extension 'python'
[5.707s] Level 1:colcon.colcon_core.package_identification:_identify(ws_chatbot) by extensions ['python_setup_py']
[5.707s] Level 1:colcon.colcon_core.package_identification:_identify(ws_chatbot) by extension 'python_setup_py'
[5.707s] Level 1:colcon.colcon_core.package_identification:_identify(ws_chatbot/build) by extensions ['ignore', 'ignore_ament_install']
[5.707s] Level 1:colcon.colcon_core.package_identification:_identify(ws_chatbot/build) by extension 'ignore'
[5.707s] Level 1:colcon.colcon_core.package_identification:_identify(ws_chatbot/build) ignored
[5.707s] Level 1:colcon.colcon_core.package_identification:_identify(ws_chatbot/install) by extensions ['ignore', 'ignore_ament_install']
[5.708s] Level 1:colcon.colcon_core.package_identification:_identify(ws_chatbot/install) by extension 'ignore'
[5.708s] Level 1:colcon.colcon_core.package_identification:_identify(ws_chatbot/install) ignored
[5.708s] Level 1:colcon.colcon_core.package_identification:_identify(ws_chatbot/log) by extensions ['ignore', 'ignore_ament_install']
[5.708s] Level 1:colcon.colcon_core.package_identification:_identify(ws_chatbot/log) by extension 'ignore'
[5.708s] Level 1:colcon.colcon_core.package_identification:_identify(ws_chatbot/log) ignored
[5.708s] Level 1:colcon.colcon_core.package_identification:_identify(ws_chatbot/src) by extensions ['ignore', 'ignore_ament_install']
[5.708s] Level 1:colcon.colcon_core.package_identification:_identify(ws_chatbot/src) by extension 'ignore'
[5.708s] Level 1:colcon.colcon_core.package_identification:_identify(ws_chatbot/src) by extension 'ignore_ament_install'
[5.708s] Level 1:colcon.colcon_core.package_identification:_identify(ws_chatbot/src) by extensions ['colcon_pkg']
[5.708s] Level 1:colcon.colcon_core.package_identification:_identify(ws_chatbot/src) by extension 'colcon_pkg'
[5.708s] Level 1:colcon.colcon_core.package_identification:_identify(ws_chatbot/src) by extensions ['colcon_meta']
[5.708s] Level 1:colcon.colcon_core.package_identification:_identify(ws_chatbot/src) by extension 'colcon_meta'
[5.708s] Level 1:colcon.colcon_core.package_identification:_identify(ws_chatbot/src) by extensions ['ros']
[5.708s] Level 1:colcon.colcon_core.package_identification:_identify(ws_chatbot/src) by extension 'ros'
[5.708s] Level 1:colcon.colcon_core.package_identification:_identify(ws_chatbot/src) by extensions ['cmake', 'python']
[5.708s] Level 1:colcon.colcon_core.package_identification:_identify(ws_chatbot/src) by extension 'cmake'
[5.708s] Level 1:colcon.colcon_core.package_identification:_identify(ws_chatbot/src) by extension 'python'
[5.708s] Level 1:colcon.colcon_core.package_identification:_identify(ws_chatbot/src) by extensions ['python_setup_py']
[5.708s] Level 1:colcon.colcon_core.package_identification:_identify(ws_chatbot/src) by extension 'python_setup_py'
[5.709s] Level 1:colcon.colcon_core.package_identification:_identify(ws_chatbot/src/chatbot) by extensions ['ignore', 'ignore_ament_install']
[5.709s] Level 1:colcon.colcon_core.package_identification:_identify(ws_chatbot/src/chatbot) by extension 'ignore'
[5.709s] Level 1:colcon.colcon_core.package_identification:_identify(ws_chatbot/src/chatbot) by extension 'ignore_ament_install'
[5.709s] Level 1:colcon.colcon_core.package_identification:_identify(ws_chatbot/src/chatbot) by extensions ['colcon_pkg']
[5.709s] Level 1:colcon.colcon_core.package_identification:_identify(ws_chatbot/src/chatbot) by extension 'colcon_pkg'
[5.709s] Level 1:colcon.colcon_core.package_identification:_identify(ws_chatbot/src/chatbot) by extensions ['colcon_meta']
[5.709s] Level 1:colcon.colcon_core.package_identification:_identify(ws_chatbot/src/chatbot) by extension 'colcon_meta'
[5.709s] Level 1:colcon.colcon_core.package_identification:_identify(ws_chatbot/src/chatbot) by extensions ['ros']
[5.709s] Level 1:colcon.colcon_core.package_identification:_identify(ws_chatbot/src/chatbot) by extension 'ros'
[5.763s] DEBUG:colcon.colcon_core.package_identification:Package 'ws_chatbot/src/chatbot' with type 'ros.ament_python' and name 'chatbot'
[5.764s] Level 1:colcon.colcon_core.package_discovery:discover_packages(recursive) using defaults
[5.764s] Level 1:colcon.colcon_core.package_discovery:discover_packages(ignore) discover
[5.764s] Level 1:colcon.colcon_core.package_discovery:discover_packages(ignore) using defaults
[5.764s] Level 1:colcon.colcon_core.package_discovery:discover_packages(path) discover
[5.764s] Level 1:colcon.colcon_core.package_discovery:discover_packages(path) using defaults
[5.952s] Level 1:colcon.colcon_core.package_discovery:discover_packages(prefix_path) check parameters
[5.952s] Level 1:colcon.colcon_core.package_discovery:discover_packages(prefix_path) discover
[6.041s] DEBUG:colcon.colcon_installed_package_information.package_discovery:Found 270 installed packages in /opt/ros/humble
[6.044s] Level 1:colcon.colcon_core.package_discovery:discover_packages(prefix_path) using defaults
[6.123s] Level 5:colcon.colcon_core.verb:set package 'chatbot' build argument 'cmake_args' from command line to 'None'
[6.123s] Level 5:colcon.colcon_core.verb:set package 'chatbot' build argument 'cmake_target' from command line to 'None'
[6.123s] Level 5:colcon.colcon_core.verb:set package 'chatbot' build argument 'cmake_target_skip_unavailable' from command line to 'False'
[6.123s] Level 5:colcon.colcon_core.verb:set package 'chatbot' build argument 'cmake_clean_cache' from command line to 'False'
[6.123s] Level 5:colcon.colcon_core.verb:set package 'chatbot' build argument 'cmake_clean_first' from command line to 'False'
[6.123s] Level 5:colcon.colcon_core.verb:set package 'chatbot' build argument 'cmake_force_configure' from command line to 'False'
[6.123s] Level 5:colcon.colcon_core.verb:set package 'chatbot' build argument 'ament_cmake_args' from command line to 'None'
[6.123s] Level 5:colcon.colcon_core.verb:set package 'chatbot' build argument 'catkin_cmake_args' from command line to 'None'
[6.123s] Level 5:colcon.colcon_core.verb:set package 'chatbot' build argument 'catkin_skip_building_tests' from command line to 'False'
[6.123s] DEBUG:colcon.colcon_core.verb:Building package 'chatbot' with the following arguments: {'ament_cmake_args': None, 'build_base': '/home/celia123/Documentos/Github/chatbot_ros/build/chatbot', 'catkin_cmake_args': None, 'catkin_skip_building_tests': False, 'cmake_args': None, 'cmake_clean_cache': False, 'cmake_clean_first': False, 'cmake_force_configure': False, 'cmake_target': None, 'cmake_target_skip_unavailable': False, 'install_base': '/home/celia123/Documentos/Github/chatbot_ros/install/chatbot', 'merge_install': False, 'path': '/home/celia123/Documentos/Github/chatbot_ros/ws_chatbot/src/chatbot', 'symlink_install': False, 'test_result_base': None}
[6.123s] INFO:colcon.colcon_core.executor:Executing jobs using 'parallel' executor
[6.124s] DEBUG:colcon.colcon_parallel_executor.executor.parallel:run_until_complete
[6.124s] INFO:colcon.colcon_ros.task.ament_python.build:Building ROS package in '/home/celia123/Documentos/Github/chatbot_ros/ws_chatbot/src/chatbot' with build type 'ament_python'
[6.125s] Level 1:colcon.colcon_core.shell:create_environment_hook('chatbot', 'ament_prefix_path')
[6.238s] INFO:colcon.colcon_core.plugin_system:Skipping extension 'colcon_core.shell.bat': Not used on non-Windows systems
[6.238s] INFO:colcon.colcon_core.shell:Creating environment hook '/home/celia123/Documentos/Github/chatbot_ros/install/chatbot/share/chatbot/hook/ament_prefix_path.ps1'
[6.252s] INFO:colcon.colcon_core.shell:Creating environment descriptor '/home/celia123/Documentos/Github/chatbot_ros/install/chatbot/share/chatbot/hook/ament_prefix_path.dsv'
[6.265s] INFO:colcon.colcon_core.shell:Creating environment hook '/home/celia123/Documentos/Github/chatbot_ros/install/chatbot/share/chatbot/hook/ament_prefix_path.sh'
[6.279s] INFO:colcon.colcon_core.shell:Skip shell extension 'powershell' for command environment: Not usable outside of PowerShell
[6.279s] DEBUG:colcon.colcon_core.shell:Skip shell extension 'dsv' for command environment
[6.507s] INFO:colcon.colcon_core.task.python.build:Building Python package in '/home/celia123/Documentos/Github/chatbot_ros/ws_chatbot/src/chatbot'
[6.507s] INFO:colcon.colcon_core.shell:Skip shell extension 'powershell' for command environment: Not usable outside of PowerShell
[6.507s] DEBUG:colcon.colcon_core.shell:Skip shell extension 'dsv' for command environment
[8.638s] DEBUG:colcon.colcon_core.event_handler.log_command:Invoking command in '/home/celia123/Documentos/Github/chatbot_ros/ws_chatbot/src/chatbot': PYTHONPATH=/home/celia123/Documentos/Github/chatbot_ros/build/chatbot/prefix_override:/usr/lib/python3/dist-packages/colcon_core/task/python/colcon_distutils_commands:/home/celia123/Documentos/Github/chatbot_ros/install/chatbot/lib/python3.10/site-packages:${PYTHONPATH} /usr/bin/python3 -W ignore:setup.py install is deprecated setup.py egg_info --egg-base ../../../build/chatbot build --build-base /home/celia123/Documentos/Github/chatbot_ros/build/chatbot/build install --record /home/celia123/Documentos/Github/chatbot_ros/build/chatbot/install.log --single-version-externally-managed install_data
[8.837s] DEBUG:colcon.colcon_core.event_handler.log_command:Invoked command in '/home/celia123/Documentos/Github/chatbot_ros/ws_chatbot/src/chatbot' returned '0': PYTHONPATH=/home/celia123/Documentos/Github/chatbot_ros/build/chatbot/prefix_override:/usr/lib/python3/dist-packages/colcon_core/task/python/colcon_distutils_commands:/home/celia123/Documentos/Github/chatbot_ros/install/chatbot/lib/python3.10/site-packages:${PYTHONPATH} /usr/bin/python3 -W ignore:setup.py install is deprecated setup.py egg_info --egg-base ../../../build/chatbot build --build-base /home/celia123/Documentos/Github/chatbot_ros/build/chatbot/build install --record /home/celia123/Documentos/Github/chatbot_ros/build/chatbot/install.log --single-version-externally-managed install_data
[8.962s] Level 1:colcon.colcon_core.environment:checking '/home/celia123/Documentos/Github/chatbot_ros/install/chatbot' for CMake module files
[8.963s] Level 1:colcon.colcon_core.environment:checking '/home/celia123/Documentos/Github/chatbot_ros/install/chatbot' for CMake config files
[8.964s] Level 1:colcon.colcon_core.environment:checking '/home/celia123/Documentos/Github/chatbot_ros/install/chatbot/lib'
[8.964s] Level 1:colcon.colcon_core.environment:checking '/home/celia123/Documentos/Github/chatbot_ros/install/chatbot/bin'
[8.964s] Level 1:colcon.colcon_core.environment:checking '/home/celia123/Documentos/Github/chatbot_ros/install/chatbot/lib/pkgconfig/chatbot.pc'
[8.965s] Level 1:colcon.colcon_core.environment:checking '/home/celia123/Documentos/Github/chatbot_ros/install/chatbot/lib/python3.10/site-packages'
[8.965s] Level 1:colcon.colcon_core.shell:create_environment_hook('chatbot', 'pythonpath')
[8.965s] INFO:colcon.colcon_core.shell:Creating environment hook '/home/celia123/Documentos/Github/chatbot_ros/install/chatbot/share/chatbot/hook/pythonpath.ps1'
[8.966s] INFO:colcon.colcon_core.shell:Creating environment descriptor '/home/celia123/Documentos/Github/chatbot_ros/install/chatbot/share/chatbot/hook/pythonpath.dsv'
[8.966s] INFO:colcon.colcon_core.shell:Creating environment hook '/home/celia123/Documentos/Github/chatbot_ros/install/chatbot/share/chatbot/hook/pythonpath.sh'
[8.967s] Level 1:colcon.colcon_core.environment:checking '/home/celia123/Documentos/Github/chatbot_ros/install/chatbot/bin'
[8.967s] Level 1:colcon.colcon_core.environment:create_environment_scripts_only(chatbot)
[8.967s] INFO:colcon.colcon_core.shell:Creating package script '/home/celia123/Documentos/Github/chatbot_ros/install/chatbot/share/chatbot/package.ps1'
[8.980s] INFO:colcon.colcon_core.shell:Creating package descriptor '/home/celia123/Documentos/Github/chatbot_ros/install/chatbot/share/chatbot/package.dsv'
[8.994s] INFO:colcon.colcon_core.shell:Creating package script '/home/celia123/Documentos/Github/chatbot_ros/install/chatbot/share/chatbot/package.sh'
[9.007s] INFO:colcon.colcon_core.shell:Creating package script '/home/celia123/Documentos/Github/chatbot_ros/install/chatbot/share/chatbot/package.bash'
[9.021s] INFO:colcon.colcon_core.shell:Creating package script '/home/celia123/Documentos/Github/chatbot_ros/install/chatbot/share/chatbot/package.zsh'
[9.035s] Level 1:colcon.colcon_core.environment:create_file_with_runtime_dependencies(/home/celia123/Documentos/Github/chatbot_ros/install/chatbot/share/colcon-core/packages/chatbot)
[9.036s] DEBUG:colcon.colcon_parallel_executor.executor.parallel:closing loop
[9.037s] DEBUG:colcon.colcon_parallel_executor.executor.parallel:loop closed
[9.037s] DEBUG:colcon.colcon_parallel_executor.executor.parallel:run_until_complete finished with '0'
[9.037s] DEBUG:colcon.colcon_core.event_reactor:joining thread
[9.107s] INFO:colcon.colcon_core.plugin_system:Skipping extension 'colcon_notification.desktop_notification.terminal_notifier': Not used on non-Darwin systems
[9.107s] INFO:colcon.colcon_core.plugin_system:Skipping extension 'colcon_notification.desktop_notification.win32': Not used on non-Windows systems
[9.107s] INFO:colcon.colcon_notification.desktop_notification:Sending desktop notification using 'notify2'
[9.132s] DEBUG:colcon.colcon_core.event_reactor:joined thread
[9.132s] INFO:colcon.colcon_core.shell:Creating prefix script '/home/celia123/Documentos/Github/chatbot_ros/install/local_setup.ps1'
[9.143s] INFO:colcon.colcon_core.shell:Creating prefix util module '/home/celia123/Documentos/Github/chatbot_ros/install/_local_setup_util_ps1.py'
[9.146s] INFO:colcon.colcon_core.shell:Creating prefix chain script '/home/celia123/Documentos/Github/chatbot_ros/install/setup.ps1'
[9.161s] INFO:colcon.colcon_core.shell:Creating prefix script '/home/celia123/Documentos/Github/chatbot_ros/install/local_setup.sh'
[9.175s] INFO:colcon.colcon_core.shell:Creating prefix util module '/home/celia123/Documentos/Github/chatbot_ros/install/_local_setup_util_sh.py'
[9.176s] INFO:colcon.colcon_core.shell:Creating prefix chain script '/home/celia123/Documentos/Github/chatbot_ros/install/setup.sh'
[9.190s] INFO:colcon.colcon_core.shell:Creating prefix script '/home/celia123/Documentos/Github/chatbot_ros/install/local_setup.bash'
[9.203s] INFO:colcon.colcon_core.shell:Creating prefix chain script '/home/celia123/Documentos/Github/chatbot_ros/install/setup.bash'
[9.217s] INFO:colcon.colcon_core.shell:Creating prefix script '/home/celia123/Documentos/Github/chatbot_ros/install/local_setup.zsh'
[9.231s] INFO:colcon.colcon_core.shell:Creating prefix chain script '/home/celia123/Documentos/Github/chatbot_ros/install/setup.zsh'
