running egg_info
creating ../../build/chatbot/chatbot.egg-info
writing ../../build/chatbot/chatbot.egg-info/PKG-INFO
writing dependency_links to ../../build/chatbot/chatbot.egg-info/dependency_links.txt
writing entry points to ../../build/chatbot/chatbot.egg-info/entry_points.txt
writing requirements to ../../build/chatbot/chatbot.egg-info/requires.txt
writing top-level names to ../../build/chatbot/chatbot.egg-info/top_level.txt
writing manifest file '../../build/chatbot/chatbot.egg-info/SOURCES.txt'
reading manifest file '../../build/chatbot/chatbot.egg-info/SOURCES.txt'
writing manifest file '../../build/chatbot/chatbot.egg-info/SOURCES.txt'
running build
running build_py
creating /home/celia123/Documentos/Github/chatbot_ros/ws_chatbot/build/chatbot/build
creating /home/celia123/Documentos/Github/chatbot_ros/ws_chatbot/build/chatbot/build/lib
creating /home/celia123/Documentos/Github/chatbot_ros/ws_chatbot/build/chatbot/build/lib/chatbot
copying chatbot/chatbot.py -> /home/celia123/Documentos/Github/chatbot_ros/ws_chatbot/build/chatbot/build/lib/chatbot
copying chatbot/__init__.py -> /home/celia123/Documentos/Github/chatbot_ros/ws_chatbot/build/chatbot/build/lib/chatbot
running install
running install_lib
creating /home/celia123/Documentos/Github/chatbot_ros/ws_chatbot/install/chatbot/lib/python3.10/site-packages/chatbot
copying /home/celia123/Documentos/Github/chatbot_ros/ws_chatbot/build/chatbot/build/lib/chatbot/chatbot.py -> /home/celia123/Documentos/Github/chatbot_ros/ws_chatbot/install/chatbot/lib/python3.10/site-packages/chatbot
copying /home/celia123/Documentos/Github/chatbot_ros/ws_chatbot/build/chatbot/build/lib/chatbot/__init__.py -> /home/celia123/Documentos/Github/chatbot_ros/ws_chatbot/install/chatbot/lib/python3.10/site-packages/chatbot
byte-compiling /home/celia123/Documentos/Github/chatbot_ros/ws_chatbot/install/chatbot/lib/python3.10/site-packages/chatbot/chatbot.py to chatbot.cpython-310.pyc
byte-compiling /home/celia123/Documentos/Github/chatbot_ros/ws_chatbot/install/chatbot/lib/python3.10/site-packages/chatbot/__init__.py to __init__.cpython-310.pyc
running install_data
creating /home/celia123/Documentos/Github/chatbot_ros/ws_chatbot/install/chatbot/share/ament_index
creating /home/celia123/Documentos/Github/chatbot_ros/ws_chatbot/install/chatbot/share/ament_index/resource_index
creating /home/celia123/Documentos/Github/chatbot_ros/ws_chatbot/install/chatbot/share/ament_index/resource_index/packages
copying resource/chatbot -> /home/celia123/Documentos/Github/chatbot_ros/ws_chatbot/install/chatbot/share/ament_index/resource_index/packages
copying package.xml -> /home/celia123/Documentos/Github/chatbot_ros/ws_chatbot/install/chatbot/share/chatbot
running install_egg_info
Copying ../../build/chatbot/chatbot.egg-info to /home/celia123/Documentos/Github/chatbot_ros/ws_chatbot/install/chatbot/lib/python3.10/site-packages/chatbot-0.1.0-py3.10.egg-info
running install_scripts
Installing chatbot script to /home/celia123/Documentos/Github/chatbot_ros/ws_chatbot/install/chatbot/lib/chatbot
writing list of installed files to '/home/celia123/Documentos/Github/chatbot_ros/ws_chatbot/build/chatbot/install.log'
