[0.654s] Invoking command in '/home/celia123/Documentos/Github/chatbot_ros/ws_chatbot/src/chatbot': PYTHONPATH=/home/celia123/Documentos/Github/chatbot_ros/ws_chatbot/build/chatbot/prefix_override:/usr/lib/python3/dist-packages/colcon_core/task/python/colcon_distutils_commands:/home/celia123/Documentos/Github/chatbot_ros/ws_chatbot/install/chatbot/lib/python3.10/site-packages:${PYTHONPATH} /usr/bin/python3 -W ignore:setup.py install is deprecated setup.py egg_info --egg-base ../../build/chatbot build --build-base /home/celia123/Documentos/Github/chatbot_ros/ws_chatbot/build/chatbot/build install --record /home/celia123/Documentos/Github/chatbot_ros/ws_chatbot/build/chatbot/install.log --single-version-externally-managed install_data
[0.901s] running egg_info
[0.902s] creating ../../build/chatbot/chatbot.egg-info
[0.902s] writing ../../build/chatbot/chatbot.egg-info/PKG-INFO
[0.902s] writing dependency_links to ../../build/chatbot/chatbot.egg-info/dependency_links.txt
[0.902s] writing entry points to ../../build/chatbot/chatbot.egg-info/entry_points.txt
[0.902s] writing requirements to ../../build/chatbot/chatbot.egg-info/requires.txt
[0.902s] writing top-level names to ../../build/chatbot/chatbot.egg-info/top_level.txt
[0.902s] writing manifest file '../../build/chatbot/chatbot.egg-info/SOURCES.txt'
[0.905s] reading manifest file '../../build/chatbot/chatbot.egg-info/SOURCES.txt'
[0.906s] writing manifest file '../../build/chatbot/chatbot.egg-info/SOURCES.txt'
[0.906s] running build
[0.906s] running build_py
[0.906s] creating /home/celia123/Documentos/Github/chatbot_ros/ws_chatbot/build/chatbot/build
[0.906s] creating /home/celia123/Documentos/Github/chatbot_ros/ws_chatbot/build/chatbot/build/lib
[0.906s] creating /home/celia123/Documentos/Github/chatbot_ros/ws_chatbot/build/chatbot/build/lib/chatbot
[0.906s] copying chatbot/chatbot.py -> /home/celia123/Documentos/Github/chatbot_ros/ws_chatbot/build/chatbot/build/lib/chatbot
[0.906s] copying chatbot/__init__.py -> /home/celia123/Documentos/Github/chatbot_ros/ws_chatbot/build/chatbot/build/lib/chatbot
[0.906s] running install
[0.907s] running install_lib
[0.908s] creating /home/celia123/Documentos/Github/chatbot_ros/ws_chatbot/install/chatbot/lib/python3.10/site-packages/chatbot
[0.908s] copying /home/celia123/Documentos/Github/chatbot_ros/ws_chatbot/build/chatbot/build/lib/chatbot/chatbot.py -> /home/celia123/Documentos/Github/chatbot_ros/ws_chatbot/install/chatbot/lib/python3.10/site-packages/chatbot
[0.908s] copying /home/celia123/Documentos/Github/chatbot_ros/ws_chatbot/build/chatbot/build/lib/chatbot/__init__.py -> /home/celia123/Documentos/Github/chatbot_ros/ws_chatbot/install/chatbot/lib/python3.10/site-packages/chatbot
[0.909s] byte-compiling /home/celia123/Documentos/Github/chatbot_ros/ws_chatbot/install/chatbot/lib/python3.10/site-packages/chatbot/chatbot.py to chatbot.cpython-310.pyc
[0.910s] byte-compiling /home/celia123/Documentos/Github/chatbot_ros/ws_chatbot/install/chatbot/lib/python3.10/site-packages/chatbot/__init__.py to __init__.cpython-310.pyc
[0.910s] running install_data
[0.910s] creating /home/celia123/Documentos/Github/chatbot_ros/ws_chatbot/install/chatbot/share/ament_index
[0.910s] creating /home/celia123/Documentos/Github/chatbot_ros/ws_chatbot/install/chatbot/share/ament_index/resource_index
[0.910s] creating /home/celia123/Documentos/Github/chatbot_ros/ws_chatbot/install/chatbot/share/ament_index/resource_index/packages
[0.911s] copying resource/chatbot -> /home/celia123/Documentos/Github/chatbot_ros/ws_chatbot/install/chatbot/share/ament_index/resource_index/packages
[0.911s] copying package.xml -> /home/celia123/Documentos/Github/chatbot_ros/ws_chatbot/install/chatbot/share/chatbot
[0.911s] running install_egg_info
[0.912s] Copying ../../build/chatbot/chatbot.egg-info to /home/celia123/Documentos/Github/chatbot_ros/ws_chatbot/install/chatbot/lib/python3.10/site-packages/chatbot-0.1.0-py3.10.egg-info
[0.913s] running install_scripts
[0.934s] Installing chatbot script to /home/celia123/Documentos/Github/chatbot_ros/ws_chatbot/install/chatbot/lib/chatbot
[0.934s] writing list of installed files to '/home/celia123/Documentos/Github/chatbot_ros/ws_chatbot/build/chatbot/install.log'
[0.960s] Invoked command in '/home/celia123/Documentos/Github/chatbot_ros/ws_chatbot/src/chatbot' returned '0': PYTHONPATH=/home/celia123/Documentos/Github/chatbot_ros/ws_chatbot/build/chatbot/prefix_override:/usr/lib/python3/dist-packages/colcon_core/task/python/colcon_distutils_commands:/home/celia123/Documentos/Github/chatbot_ros/ws_chatbot/install/chatbot/lib/python3.10/site-packages:${PYTHONPATH} /usr/bin/python3 -W ignore:setup.py install is deprecated setup.py egg_info --egg-base ../../build/chatbot build --build-base /home/celia123/Documentos/Github/chatbot_ros/ws_chatbot/build/chatbot/build install --record /home/celia123/Documentos/Github/chatbot_ros/ws_chatbot/build/chatbot/install.log --single-version-externally-managed install_data
