[0.000000] (-) TimerEvent: {}
[0.000621] (chatbot) JobQueued: {'identifier': 'chatbot', 'dependencies': OrderedDict()}
[0.000966] (chatbot) JobStarted: {'identifier': 'chatbot'}
[0.099704] (-) TimerEvent: {}
[0.200141] (-) TimerEvent: {}
[0.300735] (-) TimerEvent: {}
[0.401257] (-) TimerEvent: {}
[0.501931] (-) TimerEvent: {}
[0.602563] (-) TimerEvent: {}
[0.703265] (-) TimerEvent: {}
[0.803747] (-) TimerEvent: {}
[0.904379] (-) TimerEvent: {}
[1.004974] (-) TimerEvent: {}
[1.105558] (-) TimerEvent: {}
[1.206117] (-) TimerEvent: {}
[1.306642] (-) TimerEvent: {}
[1.407246] (-) TimerEvent: {}
[1.507785] (-) TimerEvent: {}
[1.608327] (-) TimerEvent: {}
[1.709008] (-) TimerEvent: {}
[1.809613] (-) TimerEvent: {}
[1.910232] (-) TimerEvent: {}
[2.010868] (-) TimerEvent: {}
[2.111499] (-) TimerEvent: {}
[2.212134] (-) TimerEvent: {}
[2.312789] (-) TimerEvent: {}
[2.413443] (-) TimerEvent: {}
[2.514142] (-) TimerEvent: {}
[2.521467] (chatbot) Command: {'cmd': ['/usr/bin/python3', '-W', 'ignore:setup.py install is deprecated', 'setup.py', 'egg_info', '--egg-base', '../../build/chatbot', 'build', '--build-base', '/home/celia123/Documentos/Github/chatbot_ros/ws_chatbot/build/chatbot/build', 'install', '--record', '/home/celia123/Documentos/Github/chatbot_ros/ws_chatbot/build/chatbot/install.log', '--single-version-externally-managed', 'install_data'], 'cwd': '/home/celia123/Documentos/Github/chatbot_ros/ws_chatbot/src/chatbot', 'env': {'LANGUAGE': 'pt_BR:pt:en', 'USER': 'celia123', 'XDG_SESSION_TYPE': 'wayland', 'SHLVL': '1', 'LD_LIBRARY_PATH': '/opt/ros/humble/opt/rviz_ogre_vendor/lib:/opt/ros/humble/lib/x86_64-linux-gnu:/opt/ros/humble/lib', 'HOME': '/home/celia123', 'OLDPWD': '/home/celia123/Documentos/Github/chatbot_ros', 'DESKTOP_SESSION': 'ubuntu', 'ROS_PYTHON_VERSION': '3', 'GNOME_SHELL_SESSION_MODE': 'ubuntu', 'GTK_MODULES': 'gail:atk-bridge', 'SYSTEMD_EXEC_PID': '2206', 'DBUS_SESSION_BUS_ADDRESS': 'unix:path=/run/user/1000/bus', 'COLORTERM': 'truecolor', 'IM_CONFIG_PHASE': '1', 'WAYLAND_DISPLAY': 'wayland-0', 'COLCON_PREFIX_PATH': '/home/celia123/Documentos/Github/chatbot_ros/ws_chatbot/install', 'ROS_DISTRO': 'humble', 'LOGNAME': 'celia123', '_': '/usr/bin/colcon', 'ROS_VERSION': '2', 'XDG_SESSION_CLASS': 'user', 'USERNAME': 'celia123', 'TERM': 'xterm-256color', 'GNOME_DESKTOP_SESSION_ID': 'this-is-deprecated', 'ROS_LOCALHOST_ONLY': '0', 'PATH': '/opt/ros/humble/bin:/usr/local/sbin:/usr/local/bin:/usr/sbin:/usr/bin:/sbin:/bin:/usr/games:/usr/local/games:/snap/bin:/snap/bin', 'SESSION_MANAGER': 'local/celia123-Inspiron-15-3511:@/tmp/.ICE-unix/2178,unix/celia123-Inspiron-15-3511:/tmp/.ICE-unix/2178', 'XDG_MENU_PREFIX': 'gnome-', 'GNOME_TERMINAL_SCREEN': '/org/gnome/Terminal/screen/5564b12a_6ace_4e6d_ba54_9232a4c57642', 'GNOME_SETUP_DISPLAY': ':1', 'XDG_RUNTIME_DIR': '/run/user/1000', 'DISPLAY': ':0', 'LANG': 'pt_BR.UTF-8', 'XDG_CURRENT_DESKTOP': 'ubuntu:GNOME', 'XMODIFIERS': '@im=ibus', 'XDG_SESSION_DESKTOP': 'ubuntu', 'XAUTHORITY': '/run/user/1000/.mutter-Xwaylandauth.DG2HY2', 'GNOME_TERMINAL_SERVICE': ':1.1749', 'SSH_AGENT_LAUNCHER': 'gnome-keyring', 'SSH_AUTH_SOCK': '/run/user/1000/keyring/ssh', 'AMENT_PREFIX_PATH': '/home/celia123/Documentos/Github/chatbot_ros/ws_chatbot/install/chatbot:/opt/ros/humble', 'SHELL': '/bin/bash', 'QT_ACCESSIBILITY': '1', 'GDMSESSION': 'ubuntu', 'QT_IM_MODULE': 'ibus', 'PWD': '/home/celia123/Documentos/Github/chatbot_ros/ws_chatbot/build/chatbot', 'XDG_CONFIG_DIRS': '/etc/xdg/xdg-ubuntu:/etc/xdg', 'XDG_DATA_DIRS': '/usr/share/ubuntu:/usr/local/share/:/usr/share/:/var/lib/snapd/desktop', 'PYTHONPATH': '/home/celia123/Documentos/Github/chatbot_ros/ws_chatbot/build/chatbot/prefix_override:/usr/lib/python3/dist-packages/colcon_core/task/python/colcon_distutils_commands:/home/celia123/Documentos/Github/chatbot_ros/ws_chatbot/install/chatbot/lib/python3.10/site-packages:/home/celia123/Documentos/Github/chatbot_ros/ws_chatbot/install/chatbot/lib/python3.10/site-packages:/opt/ros/humble/lib/python3.10/site-packages:/opt/ros/humble/local/lib/python3.10/dist-packages', 'COLCON': '1', 'VTE_VERSION': '6800'}, 'shell': False}
[2.614396] (-) TimerEvent: {}
[2.715037] (-) TimerEvent: {}
[2.762579] (chatbot) StdoutLine: {'line': b'running egg_info\n'}
[2.763206] (chatbot) StdoutLine: {'line': b'writing ../../build/chatbot/chatbot.egg-info/PKG-INFO\n'}
[2.763496] (chatbot) StdoutLine: {'line': b'writing dependency_links to ../../build/chatbot/chatbot.egg-info/dependency_links.txt\n'}
[2.775708] (chatbot) StdoutLine: {'line': b'writing entry points to ../../build/chatbot/chatbot.egg-info/entry_points.txt\n'}
[2.776455] (chatbot) StdoutLine: {'line': b'writing requirements to ../../build/chatbot/chatbot.egg-info/requires.txt\n'}
[2.777404] (chatbot) StdoutLine: {'line': b'writing top-level names to ../../build/chatbot/chatbot.egg-info/top_level.txt\n'}
[2.780671] (chatbot) StdoutLine: {'line': b"reading manifest file '../../build/chatbot/chatbot.egg-info/SOURCES.txt'\n"}
[2.781533] (chatbot) StdoutLine: {'line': b"writing manifest file '../../build/chatbot/chatbot.egg-info/SOURCES.txt'\n"}
[2.781737] (chatbot) StdoutLine: {'line': b'running build\n'}
[2.781866] (chatbot) StdoutLine: {'line': b'running build_py\n'}
[2.782002] (chatbot) StdoutLine: {'line': b'copying chatbot/chatbot.py -> /home/celia123/Documentos/Github/chatbot_ros/ws_chatbot/build/chatbot/build/lib/chatbot\n'}
[2.782194] (chatbot) StdoutLine: {'line': b'running install\n'}
[2.782623] (chatbot) StdoutLine: {'line': b'running install_lib\n'}
[2.783409] (chatbot) StdoutLine: {'line': b'copying /home/celia123/Documentos/Github/chatbot_ros/ws_chatbot/build/chatbot/build/lib/chatbot/chatbot.py -> /home/celia123/Documentos/Github/chatbot_ros/ws_chatbot/install/chatbot/lib/python3.10/site-packages/chatbot\n'}
[2.784040] (chatbot) StdoutLine: {'line': b'byte-compiling /home/celia123/Documentos/Github/chatbot_ros/ws_chatbot/install/chatbot/lib/python3.10/site-packages/chatbot/chatbot.py to chatbot.cpython-310.pyc\n'}
[2.794308] (chatbot) StdoutLine: {'line': b'running install_data\n'}
[2.794836] (chatbot) StdoutLine: {'line': b'running install_egg_info\n'}
[2.796391] (chatbot) StdoutLine: {'line': b"removing '/home/celia123/Documentos/Github/chatbot_ros/ws_chatbot/install/chatbot/lib/python3.10/site-packages/chatbot-0.1.0-py3.10.egg-info' (and everything under it)\n"}
[2.796682] (chatbot) StdoutLine: {'line': b'Copying ../../build/chatbot/chatbot.egg-info to /home/celia123/Documentos/Github/chatbot_ros/ws_chatbot/install/chatbot/lib/python3.10/site-packages/chatbot-0.1.0-py3.10.egg-info\n'}
[2.797333] (chatbot) StdoutLine: {'line': b'running install_scripts\n'}
[2.815140] (-) TimerEvent: {}
[2.819455] (chatbot) StdoutLine: {'line': b'Installing chatbot script to /home/celia123/Documentos/Github/chatbot_ros/ws_chatbot/install/chatbot/lib/chatbot\n'}
[2.819837] (chatbot) StdoutLine: {'line': b"writing list of installed files to '/home/celia123/Documentos/Github/chatbot_ros/ws_chatbot/build/chatbot/install.log'\n"}
[2.853298] (chatbot) CommandEnded: {'returncode': 0}
[2.915342] (-) TimerEvent: {}
[3.015816] (-) TimerEvent: {}
[3.055843] (chatbot) JobEnded: {'identifier': 'chatbot', 'rc': 0}
[3.058115] (-) EventReactorShutdown: {}
